\BOOKMARK [1][-]{section.1}{\376\377\000I\000n\000t\000r\000o\000d\000u\000c\000t\000i\000o\000n}{}% 1
\BOOKMARK [2][-]{subsection.1.1}{\376\377\000L\000i\000m\000i\000t\000a\000t\000i\000o\000n\000\040\000o\000f\000\040\000s\000c\000o\000p\000e}{section.1}% 2
\BOOKMARK [1][-]{section.2}{\376\377\000S\000t\000a\000t\000e\000\040\000o\000f\000\040\000t\000h\000e\000\040\000a\000r\000t\000\040\000o\000f\000\040\000t\000h\000e\000\040\000W\000i\000n\000d\000\040\000T\000u\000r\000b\000i\000n\000e}{}% 3
\BOOKMARK [2][-]{subsection.2.1}{\376\377\000D\000e\000f\000i\000n\000i\000t\000i\000o\000n\000\040\000o\000f\000\040\000t\000h\000e\000\040\000r\000e\000s\000o\000u\000r\000c\000e\000\040\000-\000\040\000W\000i\000n\000d\000\040\000s\000p\000e\000e\000d\000\040\000g\000e\000n\000e\000r\000a\000t\000i\000o\000n}{section.2}% 4
\BOOKMARK [2][-]{subsection.2.2}{\376\377\000G\000e\000n\000e\000r\000a\000l\000\040\000s\000t\000r\000u\000c\000t\000u\000r\000e\000\040\000o\000f\000\040\000t\000h\000e\000\040\000d\000r\000i\000v\000e\000\040\000t\000r\000a\000i\000n}{section.2}% 5
\BOOKMARK [2][-]{subsection.2.3}{\376\377\000O\000p\000e\000r\000a\000t\000i\000o\000n\000a\000l\000\040\000r\000e\000g\000i\000o\000n\000s\000\040\000o\000f\000\040\000a\000\040\000W\000T}{section.2}% 6
\BOOKMARK [2][-]{subsection.2.4}{\376\377\000M\000e\000c\000h\000a\000n\000i\000c\000a\000l\000\040\000p\000o\000w\000e\000r\000\040\000a\000n\000d\000\040\000p\000o\000w\000e\000r\000\040\000c\000o\000e\000f\000f\000i\000c\000i\000e\000n\000t}{section.2}% 7
\BOOKMARK [2][-]{subsection.2.5}{\376\377\000T\000h\000r\000u\000s\000t\000\040\000f\000o\000r\000c\000e\000\040\000a\000n\000d\000\040\000t\000h\000r\000u\000s\000t\000\040\000c\000o\000e\000f\000f\000i\000c\000i\000e\000n\000t}{section.2}% 8
\BOOKMARK [2][-]{subsection.2.6}{\376\377\000B\000E\000M\000\040\000a\000l\000g\000o\000r\000i\000t\000h\000m}{section.2}% 9
\BOOKMARK [2][-]{subsection.2.7}{\376\377\000P\000o\000w\000e\000r\000\040\000c\000o\000n\000t\000r\000o\000l}{section.2}% 10
\BOOKMARK [3][-]{subsubsection.2.7.1}{\376\377\000S\000t\000a\000l\000l\000\040\000r\000e\000g\000u\000l\000a\000t\000i\000o\000n}{subsection.2.7}% 11
\BOOKMARK [3][-]{subsubsection.2.7.2}{\376\377\000P\000i\000t\000c\000h\000\040\000r\000e\000g\000u\000l\000a\000t\000i\000o\000n\000\040\000w\000i\000t\000h\000\040\000c\000o\000n\000s\000t\000a\000n\000t\000\040\000r\000o\000t\000o\000r\000\040\000r\000o\000t\000a\000t\000i\000o\000n\000a\000l\000\040\000s\000p\000e\000e\000d}{subsection.2.7}% 12
\BOOKMARK [3][-]{subsubsection.2.7.3}{\376\377\000V\000a\000r\000i\000a\000b\000l\000e\000-\000s\000p\000e\000e\000d\000\040\000p\000i\000t\000c\000h\000\040\000r\000e\000g\000u\000l\000a\000t\000i\000o\000n}{subsection.2.7}% 13
\BOOKMARK [3][-]{subsubsection.2.7.4}{\376\377\000Y\000a\000w\000\040\000c\000o\000n\000t\000r\000o\000l}{subsection.2.7}% 14
\BOOKMARK [2][-]{subsection.2.8}{\376\377\000D\000r\000i\000v\000e\000t\000r\000a\000i\000n}{section.2}% 15
\BOOKMARK [2][-]{subsection.2.9}{\376\377\000E\000l\000e\000c\000t\000r\000i\000c\000a\000l\000\040\000m\000a\000c\000h\000i\000n\000e\000s\000\040\000m\000o\000d\000e\000l}{section.2}% 16
\BOOKMARK [2][-]{subsection.2.10}{\376\377\000P\000S\000M\000S\000\040\000c\000o\000n\000t\000r\000o\000l}{section.2}% 17
\BOOKMARK [1][-]{section.3}{\376\377\000C\000a\000s\000e\000\040\000s\000t\000u\000d\000y\000\040\000d\000e\000f\000i\000n\000i\000t\000i\000o\000n}{}% 18
\BOOKMARK [2][-]{subsection.3.1}{\376\377\000D\000e\000f\000i\000n\000i\000t\000i\000o\000n\000\040\000o\000f\000\040\000t\000h\000e\000\040\000c\000o\000n\000t\000r\000o\000l\000\040\000o\000b\000j\000e\000c\000t\000i\000v\000e}{section.3}% 19
\BOOKMARK [2][-]{subsection.3.2}{\376\377\000C\000h\000a\000r\000a\000c\000t\000e\000r\000i\000s\000t\000i\000c\000s\000\040\000o\000f\000\040\000t\000h\000e\000\040\000D\000T\000U\000\040\0001\0000\000\040\000M\000W\000\040\000O\000W\000T}{section.3}% 20
\BOOKMARK [2][-]{subsection.3.3}{\376\377\000R\000o\000t\000o\000r\000\040\000i\000n\000e\000r\000t\000i\000a}{section.3}% 21
\BOOKMARK [2][-]{subsection.3.4}{\376\377\000P\000o\000w\000e\000r\000\040\000c\000o\000e\000f\000f\000i\000c\000i\000e\000n\000t\000\040\000a\000n\000d\000\040\000o\000t\000h\000e\000r\000\040\000r\000a\000t\000e\000d\000\040\000p\000a\000r\000a\000m\000e\000t\000e\000r\000s}{section.3}% 22
\BOOKMARK [2][-]{subsection.3.5}{\376\377\000P\000i\000t\000c\000h\000\040\000a\000n\000g\000l\000e\000\040\000f\000o\000r\000\040\000d\000i\000f\000f\000e\000r\000e\000n\000t\000\040\000w\000i\000n\000d\000\040\000s\000p\000e\000e\000d\000s}{section.3}% 23
\BOOKMARK [1][-]{section.4}{\376\377\000B\000a\000s\000i\000c\000\040\000m\000o\000d\000e\000l}{}% 24
\BOOKMARK [2][-]{subsection.4.1}{\376\377\000A\000e\000r\000o\000d\000y\000n\000a\000m\000i\000c}{section.4}% 25
\BOOKMARK [2][-]{subsection.4.2}{\376\377\000M\000e\000c\000h\000a\000n\000i\000c\000a\000l\000\040\000t\000r\000a\000n\000s\000m\000i\000s\000s\000i\000o\000n}{section.4}% 26
\BOOKMARK [2][-]{subsection.4.3}{\376\377\000D\000y\000n\000a\000m\000i\000c\000a\000l\000\040\000e\000q\000u\000a\000t\000i\000o\000n}{section.4}% 27
\BOOKMARK [2][-]{subsection.4.4}{\376\377\000T\000r\000a\000n\000s\000m\000i\000s\000s\000i\000o\000n\000\040\000d\000a\000m\000p\000i\000n\000g}{section.4}% 28
\BOOKMARK [2][-]{subsection.4.5}{\376\377\000E\000l\000e\000c\000t\000r\000i\000c\000a\000l\000\040\000g\000e\000n\000e\000r\000a\000t\000o\000r}{section.4}% 29
\BOOKMARK [2][-]{subsection.4.6}{\376\377\000P\000i\000t\000c\000h\000\040\000a\000c\000t\000u\000a\000t\000i\000o\000n}{section.4}% 30
\BOOKMARK [1][-]{section.5}{\376\377\000C\000o\000n\000t\000r\000o\000l\000\040\000o\000f\000\040\000t\000h\000e\000\040\000b\000a\000s\000i\000c\000\040\000m\000o\000d\000e\000l}{}% 31
\BOOKMARK [2][-]{subsection.5.1}{\376\377\000G\000e\000n\000e\000r\000a\000t\000o\000r\000'\000s\000\040\000t\000o\000r\000q\000u\000e\000\040\000r\000e\000f\000e\000r\000e\000n\000c\000e\000\040\000s\000y\000n\000t\000h\000e\000s\000i\000s}{section.5}% 32
\BOOKMARK [2][-]{subsection.5.2}{\376\377\000P\000i\000t\000c\000h\000\040\000c\000o\000n\000t\000r\000o\000l\000l\000e\000r}{section.5}% 33
\BOOKMARK [3][-]{subsubsection.5.2.1}{\376\377\000S\000i\000m\000p\000l\000i\000f\000i\000e\000d\000\040\000a\000p\000p\000r\000o\000a\000c\000h\000\040\000f\000r\000o\000m\000\040\000l\000i\000t\000e\000r\000a\000t\000u\000r\000e}{subsection.5.2}% 34
\BOOKMARK [3][-]{subsubsection.5.2.2}{\376\377\000G\000a\000i\000n\000\040\000s\000c\000h\000e\000d\000u\000l\000i\000n\000g\000\040\000b\000a\000s\000e\000d\000\040\000o\000n\000\040\000t\000h\000e\000\040\000a\000e\000r\000o\000d\000y\000n\000a\000m\000i\000c\000s}{subsection.5.2}% 35
\BOOKMARK [3][-]{subsubsection.5.2.3}{\376\377\000V\000a\000l\000i\000d\000a\000t\000i\000o\000n\000\040\000o\000f\000\040\000t\000h\000e\000\040\000p\000r\000o\000c\000e\000d\000u\000r\000e\000\040\000o\000n\000\040\000t\000h\000e\000\040\000N\000R\000E\000L\000\040\0005\000M\000W}{subsection.5.2}% 36
\BOOKMARK [3][-]{subsubsection.5.2.4}{\376\377\000U\000s\000e\000\040\000o\000f\000\040\000t\000h\000e\000\040\000p\000r\000o\000c\000e\000d\000u\000r\000e\000\040\000o\000n\000\040\000t\000h\000e\000\040\000D\000T\000U\0001\0000\000M\000W}{subsection.5.2}% 37
\BOOKMARK [2][-]{subsection.5.3}{\376\377\000L\000o\000w\000\040\000p\000a\000s\000s\000\040\000f\000i\000l\000t\000e\000r\000i\000n\000g\000\040\000o\000f\000\040\000t\000h\000e\000\040\000r\000o\000t\000o\000r\000\040\000s\000p\000e\000e\000d}{section.5}% 38
\BOOKMARK [2][-]{subsection.5.4}{\376\377\000A\000c\000t\000i\000v\000e\000\040\000p\000o\000w\000e\000r\000\040\000c\000o\000n\000t\000r\000o\000l\000l\000e\000r}{section.5}% 39
\BOOKMARK [1][-]{section.6}{\376\377\000B\000a\000s\000i\000c\000\040\000m\000o\000d\000e\000l\000\040\000s\000i\000m\000u\000l\000a\000t\000i\000o\000n}{}% 40
\BOOKMARK [2][-]{subsection.6.1}{\376\377\000S\000i\000m\000u\000l\000a\000t\000i\000o\000n\000\040\000w\000i\000t\000h\000\040\000v\000e\000l\000o\000c\000i\000t\000y\000\040\000r\000a\000m\000p}{section.6}% 41
\BOOKMARK [3][-]{subsubsection.6.1.1}{\376\377\000S\000i\000m\000u\000l\000a\000t\000i\000o\000n\000\040\000s\000e\000t\000t\000i\000n\000g}{subsection.6.1}% 42
\BOOKMARK [3][-]{subsubsection.6.1.2}{\376\377\000S\000i\000m\000u\000l\000a\000t\000i\000o\000n\000\040\000r\000e\000s\000u\000l\000t\000s}{subsection.6.1}% 43
\BOOKMARK [3][-]{subsubsection.6.1.3}{\376\377\000D\000i\000s\000a\000b\000l\000i\000n\000g\000\040\000o\000f\000\040\000t\000h\000e\000\040\000p\000i\000t\000c\000h\000\040\000a\000n\000g\000l\000e\000\040\000g\000a\000i\000n\000\040\000s\000c\000h\000e\000d\000u\000l\000i\000n\000g}{subsection.6.1}% 44
\BOOKMARK [2][-]{subsection.6.2}{\376\377\000S\000i\000m\000u\000l\000a\000t\000i\000o\000n\000\040\000w\000i\000t\000h\000\040\000g\000e\000n\000e\000r\000a\000t\000e\000d\000\040\000w\000i\000n\000d\000\040\000t\000i\000m\000e\000\040\000s\000e\000r\000i\000e\000s}{section.6}% 45
\BOOKMARK [3][-]{subsubsection.6.2.1}{\376\377\000S\000i\000m\000u\000l\000a\000t\000i\000o\000n\000\040\000s\000e\000t\000t\000i\000n\000g\000s}{subsection.6.2}% 46
\BOOKMARK [3][-]{subsubsection.6.2.2}{\376\377\000S\000i\000m\000u\000l\000a\000t\000i\000o\000n\000\040\000r\000e\000s\000u\000l\000t\000s}{subsection.6.2}% 47
\BOOKMARK [1][-]{appendix.A}{\376\377\000P\000I\000D\000\040\000t\000u\000n\000i\000n\000g}{}% 48
